<?xml version="1.0" encoding="UTF-8"?>
<!-- Generated by org.testng.reporters.JUnitXMLReporter -->
<testsuite ignored="7" hostname="LAPTOP-38QPER0S" failures="1" tests="1" name="Default test" time="2.851" errors="0" timestamp="2023-02-03T00:04:46 IST">
  <testcase classname="vtiger.VtigerTest" name="TC_05_parameterization" time="0.0">
    <failure type="org.testng.TestNGException" message="
Parameter &amp;apos;username&amp;apos; is required by @Test on method TC_05_parameterization but has not been marked @Optional or defined
in C:\Users\Kedar\AppData\Local\Temp\testng-eclipse-419279548\testng-customsuite.xml">
      <![CDATA[org.testng.TestNGException: 
Parameter 'username' is required by @Test on method TC_05_parameterization but has not been marked @Optional or defined
in C:\Users\Kedar\AppData\Local\Temp\testng-eclipse-419279548\testng-customsuite.xml
at org.testng.internal.Parameters.createParams(Parameters.java:270)
at org.testng.internal.Parameters.createParametersForMethod(Parameters.java:358)
at org.testng.internal.Parameters.createParameters(Parameters.java:700)
at org.testng.internal.Parameters.handleParameters(Parameters.java:884)
at org.testng.internal.Parameters.handleParameters(Parameters.java:740)
at org.testng.internal.ParameterHandler.handleParameters(ParameterHandler.java:59)
at org.testng.internal.ParameterHandler.createParameters(ParameterHandler.java:38)
at org.testng.internal.TestInvoker$MethodInvocationAgent.invoke(TestInvoker.java:791)
at org.testng.internal.TestInvoker.invokeTestMethods(TestInvoker.java:146)
at org.testng.internal.TestMethodWorker.invokeTestMethods(TestMethodWorker.java:146)
at org.testng.internal.TestMethodWorker.run(TestMethodWorker.java:128)
at java.base/java.util.ArrayList.forEach(ArrayList.java:1511)
at org.testng.TestRunner.privateRun(TestRunner.java:794)
at org.testng.TestRunner.run(TestRunner.java:596)
at org.testng.SuiteRunner.runTest(SuiteRunner.java:377)
at org.testng.SuiteRunner.runSequentially(SuiteRunner.java:371)
at org.testng.SuiteRunner.privateRun(SuiteRunner.java:332)
at org.testng.SuiteRunner.run(SuiteRunner.java:276)
at org.testng.SuiteRunnerWorker.runSuite(SuiteRunnerWorker.java:53)
at org.testng.SuiteRunnerWorker.run(SuiteRunnerWorker.java:96)
at org.testng.TestNG.runSuitesSequentially(TestNG.java:1212)
at org.testng.TestNG.runSuitesLocally(TestNG.java:1134)
at org.testng.TestNG.runSuites(TestNG.java:1063)
at org.testng.TestNG.run(TestNG.java:1031)
at org.testng.remote.AbstractRemoteTestNG.run(AbstractRemoteTestNG.java:115)
at org.testng.remote.RemoteTestNG.initAndRun(RemoteTestNG.java:251)
at org.testng.remote.RemoteTestNG.main(RemoteTestNG.java:77)
]]>
    </failure>
  </testcase> <!-- TC_05_parameterization -->
  <testcase classname="vtiger.VtigerTest" name="TC_02_loginVtigerFromPropertiesFile" time="0.0">
    <ignored/>
  </testcase> <!-- TC_02_loginVtigerFromPropertiesFile -->
  <testcase classname="vtiger.VtigerTest" name="TC_03_loginVtigerFromExcelSheet" time="0.0">
    <ignored/>
  </testcase> <!-- TC_03_loginVtigerFromExcelSheet -->
  <testcase classname="vtiger.VtigerTest" name="TC_04_loginVtigerwithDataProvider" time="0.0">
    <ignored/>
  </testcase> <!-- TC_04_loginVtigerwithDataProvider -->
  <testcase classname="vtiger.VtigerTest" name="TC_08_dataDrivenTestCase" time="0.0">
    <ignored/>
  </testcase> <!-- TC_08_dataDrivenTestCase -->
  <testcase classname="vtiger.VtigerTest" name="TC_07_marketingLeadsCheck" time="0.0">
    <ignored/>
  </testcase> <!-- TC_07_marketingLeadsCheck -->
  <testcase classname="vtiger.VtigerTest" name="TC_06_validateSearchBox" time="0.0">
    <ignored/>
  </testcase> <!-- TC_06_validateSearchBox -->
  <testcase classname="vtiger.VtigerTest" name="TC_01_loginVtiger" time="0.0">
    <ignored/>
  </testcase> <!-- TC_01_loginVtiger -->
</testsuite> <!-- Default test -->
